<?xml version="1.0" encoding="UTF-8"?>
<!-- Generated by org.testng.reporters.JUnitXMLReporter -->
<testsuite ignored="0" hostname="5c07259a3ba2" failures="1" tests="5" name="Test" time="30.929" errors="0" timestamp="2024-05-06T16:35:37 GMT">
  <testcase classname="com.flight.app.testclasses.FlightBookingTest" name="registration" time="4.129"/>
  <testcase classname="com.flight.app.testclasses.FlightBookingTest" name="registrationConfirmation" time="1.936"/>
  <testcase classname="com.flight.app.testclasses.FlightBookingTest" name="flightSearch" time="2.458"/>
  <testcase classname="com.flight.app.testclasses.FlightBookingTest" name="selectFlight" time="1.484"/>
  <testcase classname="com.flight.app.testclasses.FlightBookingTest" name="confirmFlight" time="0.701">
    <failure type="java.lang.AssertionError" message="expected [true] but found [false]">
      <![CDATA[java.lang.AssertionError: expected [true] but found [false]
at com.flight.app.testclasses.FlightBookingTest.confirmFlight(FlightBookingTest.java:77)
at java.base/java.util.ArrayList.forEach(ArrayList.java:1596)
... Removed 28 stack frames]]>
    </failure>
  </testcase> <!-- confirmFlight -->
</testsuite> <!-- Test -->
